<?xml version="1.0" encoding="UTF-8" ?>
<testsuite tests="2" failures="1" name="TestSuite" time="11.548" errors="0" skipped="0">
  <properties>
    <property name="java.runtime.name" value="OpenJDK Runtime Environment"/>
    <property name="sun.boot.library.path" value="/usr/lib/jvm/java-8-openjdk-amd64/jre/lib/amd64"/>
    <property name="java.vm.version" value="25.181-b13"/>
    <property name="java.vm.vendor" value="Oracle Corporation"/>
    <property name="maven.multiModuleProjectDirectory" value="/home/qainfotech/eclipse-workspace/MobileTesting"/>
    <property name="java.vendor.url" value="http://java.oracle.com/"/>
    <property name="path.separator" value=":"/>
    <property name="guice.disable.misplaced.annotation.check" value="true"/>
    <property name="java.vm.name" value="OpenJDK 64-Bit Server VM"/>
    <property name="file.encoding.pkg" value="sun.io"/>
    <property name="user.country" value="IN"/>
    <property name="sun.java.launcher" value="SUN_STANDARD"/>
    <property name="sun.os.patch.level" value="unknown"/>
    <property name="java.vm.specification.name" value="Java Virtual Machine Specification"/>
    <property name="user.dir" value="/home/qainfotech/eclipse-workspace/MobileTesting"/>
    <property name="java.runtime.version" value="1.8.0_181-8u181-b13-0ubuntu0.16.04.1-b13"/>
    <property name="java.awt.graphicsenv" value="sun.awt.X11GraphicsEnvironment"/>
    <property name="java.endorsed.dirs" value="/usr/lib/jvm/java-8-openjdk-amd64/jre/lib/endorsed"/>
    <property name="os.arch" value="amd64"/>
    <property name="java.io.tmpdir" value="/tmp"/>
    <property name="line.separator" value="
"/>
    <property name="java.vm.specification.vendor" value="Oracle Corporation"/>
    <property name="os.name" value="Linux"/>
    <property name="classworlds.conf" value="/home/qainfotech/eclipse-workspace/.metadata/.plugins/org.eclipse.m2e.launching/launches/m2conf3030109491375821840.tmp"/>
    <property name="sun.jnu.encoding" value="UTF-8"/>
    <property name="java.library.path" value="/usr/java/packages/lib/amd64:/usr/lib/x86_64-linux-gnu/jni:/lib/x86_64-linux-gnu:/usr/lib/x86_64-linux-gnu:/usr/lib/jni:/lib:/usr/lib"/>
    <property name="java.specification.name" value="Java Platform API Specification"/>
    <property name="java.class.version" value="52.0"/>
    <property name="sun.management.compiler" value="HotSpot 64-Bit Tiered Compilers"/>
    <property name="os.version" value="4.4.0-135-generic"/>
    <property name="user.home" value="/home/qainfotech"/>
    <property name="user.timezone" value="Asia/Kolkata"/>
    <property name="java.awt.printerjob" value="sun.print.PSPrinterJob"/>
    <property name="file.encoding" value="UTF-8"/>
    <property name="java.specification.version" value="1.8"/>
    <property name="user.name" value="qainfotech"/>
    <property name="java.class.path" value="/home/qainfotech/.p2/pool/plugins/org.eclipse.m2e.maven.runtime_1.8.3.20180227-2135/jars/plexus-classworlds-2.5.2.jar"/>
    <property name="java.vm.specification.version" value="1.8"/>
    <property name="sun.arch.data.model" value="64"/>
    <property name="java.home" value="/usr/lib/jvm/java-8-openjdk-amd64/jre"/>
    <property name="sun.java.command" value="org.codehaus.plexus.classworlds.launcher.Launcher -B test"/>
    <property name="java.specification.vendor" value="Oracle Corporation"/>
    <property name="user.language" value="en"/>
    <property name="awt.toolkit" value="sun.awt.X11.XToolkit"/>
    <property name="java.vm.info" value="mixed mode"/>
    <property name="java.version" value="1.8.0_181"/>
    <property name="java.ext.dirs" value="/usr/lib/jvm/java-8-openjdk-amd64/jre/lib/ext:/usr/java/packages/lib/ext"/>
    <property name="securerandom.source" value="file:/dev/./urandom"/>
    <property name="sun.boot.class.path" value="/usr/lib/jvm/java-8-openjdk-amd64/jre/lib/resources.jar:/usr/lib/jvm/java-8-openjdk-amd64/jre/lib/rt.jar:/usr/lib/jvm/java-8-openjdk-amd64/jre/lib/sunrsasign.jar:/usr/lib/jvm/java-8-openjdk-amd64/jre/lib/jsse.jar:/usr/lib/jvm/java-8-openjdk-amd64/jre/lib/jce.jar:/usr/lib/jvm/java-8-openjdk-amd64/jre/lib/charsets.jar:/usr/lib/jvm/java-8-openjdk-amd64/jre/lib/jfr.jar:/usr/lib/jvm/java-8-openjdk-amd64/jre/classes"/>
    <property name="java.vendor" value="Oracle Corporation"/>
    <property name="maven.home" value="/home/qainfotech/eclipse-workspace/MobileTesting/EMBEDDED"/>
    <property name="file.separator" value="/"/>
    <property name="java.vendor.url.bug" value="http://bugreport.sun.com/bugreport/"/>
    <property name="sun.cpu.endian" value="little"/>
    <property name="sun.io.unicode.encoding" value="UnicodeLittle"/>
    <property name="sun.desktop" value="gnome"/>
    <property name="sun.cpu.isalist" value=""/>
  </properties>
  <testcase classname="com.qainfotech.com.MobileTesting.FirstAppiumAndroidTest" name="testCal" time="5.27">
    <failure message="An element could not be located on the page using the given search parameters. (WARNING: The server did not provide any stacktrace information)
Command duration or timeout: 81 milliseconds
For documentation on this error, please visit: http://seleniumhq.org/exceptions/no_such_element.html
Build info: version: &apos;2.44.0&apos;, revision: &apos;76d78cf323ce037c5f92db6c1bba601c2ac43ad8&apos;, time: &apos;2014-10-23 13:11:40&apos;
System info: host: &apos;ASDP1534PO01976&apos;, ip: &apos;127.0.1.1&apos;, os.name: &apos;Linux&apos;, os.arch: &apos;amd64&apos;, os.version: &apos;4.4.0-135-generic&apos;, java.version: &apos;1.8.0_181&apos;
Driver info: org.openqa.selenium.remote.RemoteWebDriver
Capabilities [{appPackage=com.android2.calculator3, deviceScreenSize=null, networkConnectionEnabled=true, BROWSEFirstAppiumAndroidTestR_NAME=Android, warnings={}, databaseEnabled=false, deviceName=emulator-5554, platform=LINUX, deviceUDID=emulator-5554, appActivity=com.xlythe.calculator.material.Calculator, desired={appPackage=com.android2.calculator3, appActivity=com.xlythe.calculator.material.Calculator, BROWSEFirstAppiumAndroidTestR_NAME=Android, VERSION=4.4.2, platformName=Android, deviceName=AVD for Nexus 4 by Google}, platformVersion=4.1.2, webStorageEnabled=false, locationContextEnabled=false, VERSION=4.4.2, takesScreenshot=true, javascriptEnabled=true, deviceModel=Android SDK built for x86, platformName=Android, deviceManufacturer=unknown}]
Session ID: 1243dba9-3e27-4a62-950c-73aa50f12dc6" type="org.openqa.selenium.NoSuchElementException">org.openqa.selenium.NoSuchElementException: An element could not be located on the page using the given search parameters. (WARNING: The server did not provide any stacktrace information)
Command duration or timeout: 81 milliseconds
For documentation on this error, please visit: http://seleniumhq.org/exceptions/no_such_element.html
Build info: version: &apos;2.44.0&apos;, revision: &apos;76d78cf323ce037c5f92db6c1bba601c2ac43ad8&apos;, time: &apos;2014-10-23 13:11:40&apos;
System info: host: &apos;ASDP1534PO01976&apos;, ip: &apos;127.0.1.1&apos;, os.name: &apos;Linux&apos;, os.arch: &apos;amd64&apos;, os.version: &apos;4.4.0-135-generic&apos;, java.version: &apos;1.8.0_181&apos;
Driver info: org.openqa.selenium.remote.RemoteWebDriver
Capabilities [{appPackage=com.android2.calculator3, deviceScreenSize=null, networkConnectionEnabled=true, BROWSEFirstAppiumAndroidTestR_NAME=Android, warnings={}, databaseEnabled=false, deviceName=emulator-5554, platform=LINUX, deviceUDID=emulator-5554, appActivity=com.xlythe.calculator.material.Calculator, desired={appPackage=com.android2.calculator3, appActivity=com.xlythe.calculator.material.Calculator, BROWSEFirstAppiumAndroidTestR_NAME=Android, VERSION=4.4.2, platformName=Android, deviceName=AVD for Nexus 4 by Google}, platformVersion=4.1.2, webStorageEnabled=false, locationContextEnabled=false, VERSION=4.4.2, takesScreenshot=true, javascriptEnabled=true, deviceModel=Android SDK built for x86, platformName=Android, deviceManufacturer=unknown}]
Session ID: 1243dba9-3e27-4a62-950c-73aa50f12dc6
	at sun.reflect.NativeConstructorAccessorImpl.newInstance0(Native Method)
	at sun.reflect.NativeConstructorAccessorImpl.newInstance(NativeConstructorAccessorImpl.java:62)
	at sun.reflect.DelegatingConstructorAccessorImpl.newInstance(DelegatingConstructorAccessorImpl.java:45)
	at java.lang.reflect.Constructor.newInstance(Constructor.java:423)
	at org.openqa.selenium.remote.ErrorHandler.createThrowable(ErrorHandler.java:204)
	at org.openqa.selenium.remote.ErrorHandler.throwIfResponseFailed(ErrorHandler.java:156)
	at org.openqa.selenium.remote.RemoteWebDriver.execute(RemoteWebDriver.java:599)
	at org.openqa.selenium.remote.RemoteWebDriver.findElement(RemoteWebDriver.java:352)
	at org.openqa.selenium.remote.RemoteWebDriver.findElementByXPath(RemoteWebDriver.java:449)
	at org.openqa.selenium.By$ByXPath.findElement(By.java:357)
	at org.openqa.selenium.remote.RemoteWebDriver.findElement(RemoteWebDriver.java:344)
	at com.qainfotech.com.MobileTesting.FirstAppiumAndroidTest.testCal(FirstAppiumAndroidTest.java:59)
</failure>
    <system-out>Configuring TestNG with: org.apache.maven.surefire.testng.conf.TestNG652Configurator@21588809
20
[[RemoteWebDriver:  on LINUX (1243dba9-3e27-4a62-950c-73aa50f12dc6)] -&gt; class name: android.widget.Button]
[[RemoteWebDriver:  on LINUX (1243dba9-3e27-4a62-950c-73aa50f12dc6)] -&gt; class name: android.widget.Button]
[[RemoteWebDriver:  on LINUX (1243dba9-3e27-4a62-950c-73aa50f12dc6)] -&gt; class name: android.widget.Button]
[[RemoteWebDriver:  on LINUX (1243dba9-3e27-4a62-950c-73aa50f12dc6)] -&gt; class name: android.widget.Button]
[[RemoteWebDriver:  on LINUX (1243dba9-3e27-4a62-950c-73aa50f12dc6)] -&gt; class name: android.widget.Button]
[[RemoteWebDriver:  on LINUX (1243dba9-3e27-4a62-950c-73aa50f12dc6)] -&gt; class name: android.widget.Button]
[[RemoteWebDriver:  on LINUX (1243dba9-3e27-4a62-950c-73aa50f12dc6)] -&gt; class name: android.widget.Button]
[[RemoteWebDriver:  on LINUX (1243dba9-3e27-4a62-950c-73aa50f12dc6)] -&gt; class name: android.widget.Button]
[[RemoteWebDriver:  on LINUX (1243dba9-3e27-4a62-950c-73aa50f12dc6)] -&gt; class name: android.widget.Button]
[[RemoteWebDriver:  on LINUX (1243dba9-3e27-4a62-950c-73aa50f12dc6)] -&gt; class name: android.widget.Button]
[[RemoteWebDriver:  on LINUX (1243dba9-3e27-4a62-950c-73aa50f12dc6)] -&gt; class name: android.widget.Button]
[[RemoteWebDriver:  on LINUX (1243dba9-3e27-4a62-950c-73aa50f12dc6)] -&gt; class name: android.widget.Button]
[[RemoteWebDriver:  on LINUX (1243dba9-3e27-4a62-950c-73aa50f12dc6)] -&gt; class name: android.widget.Button]
[[RemoteWebDriver:  on LINUX (1243dba9-3e27-4a62-950c-73aa50f12dc6)] -&gt; class name: android.widget.Button]
[[RemoteWebDriver:  on LINUX (1243dba9-3e27-4a62-950c-73aa50f12dc6)] -&gt; class name: android.widget.Button]
[[RemoteWebDriver:  on LINUX (1243dba9-3e27-4a62-950c-73aa50f12dc6)] -&gt; class name: android.widget.Button]
[[RemoteWebDriver:  on LINUX (1243dba9-3e27-4a62-950c-73aa50f12dc6)] -&gt; class name: android.widget.Button]
[[RemoteWebDriver:  on LINUX (1243dba9-3e27-4a62-950c-73aa50f12dc6)] -&gt; class name: android.widget.Button]
[[RemoteWebDriver:  on LINUX (1243dba9-3e27-4a62-950c-73aa50f12dc6)] -&gt; class name: android.widget.Button]
[[RemoteWebDriver:  on LINUX (1243dba9-3e27-4a62-950c-73aa50f12dc6)] -&gt; class name: android.widget.Button]
</system-out>
  </testcase>
  <testcase classname="com.qainfotech.com.MobileTesting.AppTest" name="testApp on testApp(com.qainfotech.com.MobileTesting.AppTest)" time="6.278"/>
</testsuite>